[debug] [2024-03-19T18:18:14.141Z] ----------------------------------------------------------------------
[debug] [2024-03-19T18:18:14.146Z] Command:       C:\Program Files\nodejs\node.exe C:\Users\HP\AppData\Roaming\npm\node_modules\firebase-tools\lib\bin\firebase.js init
[debug] [2024-03-19T18:18:14.146Z] CLI Version:   13.5.1
[debug] [2024-03-19T18:18:14.147Z] Platform:      win32
[debug] [2024-03-19T18:18:14.147Z] Node Version:  v20.11.0
[debug] [2024-03-19T18:18:14.147Z] Time:          Tue Mar 19 2024 23:48:14 GMT+0530 (India Standard Time)
[debug] [2024-03-19T18:18:14.147Z] ----------------------------------------------------------------------
[debug] 
[debug] [2024-03-19T18:18:14.154Z] >>> [apiv2][query] GET https://firebase-public.firebaseio.com/cli.json [none]
[debug] [2024-03-19T18:18:14.231Z] > command requires scopes: ["email","openid","https://www.googleapis.com/auth/cloudplatformprojects.readonly","https://www.googleapis.com/auth/firebase","https://www.googleapis.com/auth/cloud-platform"]
[debug] [2024-03-19T18:18:14.232Z] > authorizing via signed-in user (raunakrajsingh620@gmail.com)
[info] 
     ######## #### ########  ######## ########     ###     ######  ########
     ##        ##  ##     ## ##       ##     ##  ##   ##  ##       ##
     ######    ##  ########  ######   ########  #########  ######  ######
     ##        ##  ##    ##  ##       ##     ## ##     ##       ## ##
     ##       #### ##     ## ######## ########  ##     ##  ######  ########

You're about to initialize a Firebase project in this directory:

  C:\Users\HP\Desktop\ReactProject\NetflixClone\Netflix-Clone\netflix-ui

[debug] [2024-03-19T18:18:14.828Z] <<< [apiv2][status] GET https://firebase-public.firebaseio.com/cli.json 200
[debug] [2024-03-19T18:18:14.829Z] <<< [apiv2][body] GET https://firebase-public.firebaseio.com/cli.json {"cloudBuildErrorAfter":1594252800000,"cloudBuildWarnAfter":1590019200000,"defaultNode10After":1594252800000,"minVersion":"3.0.5","node8DeploysDisabledAfter":1613390400000,"node8RuntimeDisabledAfter":1615809600000,"node8WarnAfter":1600128000000}
